# JRE version: OpenJDK Runtime Environment (11.0.10) (build 11.0.10+0-b96-7249189)
# Java VM: OpenJDK 64-Bit Server VM (11.0.10+0-b96-7249189, mixed mode, tiered, compressed oops, g1 gc, windows-amd64)
Heap:
 garbage-first heap   total 670720K, used 226077K [0x0000000080000000, 0x0000000100000000)
  region size 1024K, 4 young (4096K), 4 survivors (4096K)
 Metaspace       used 124709K, capacity 127862K, committed 128376K, reserved 1161216K
  class space    used 15284K, capacity 16496K, committed 16896K, reserved 1048576K
GC Heap History (20 events):
Event: 19140.331 GC heap after
{Heap after GC invocations=116 (full 1):
 garbage-first heap   total 229376K, used 136555K [0x0000000080000000, 0x0000000100000000)
  region size 1024K, 5 young (5120K), 5 survivors (5120K)
 Metaspace       used 124484K, capacity 127612K, committed 128120K, reserved 1161216K
  class space    used 15279K, capacity 16488K, committed 16896K, reserved 1048576K
}
Event: 19140.362 GC heap before
{Heap before GC invocations=116 (full 1):
 garbage-first heap   total 229376K, used 142699K [0x0000000080000000, 0x0000000100000000)
  region size 1024K, 12 young (12288K), 5 survivors (5120K)
 Metaspace       used 124484K, capacity 127612K, committed 128120K, reserved 1161216K
  class space    used 15279K, capacity 16488K, committed 16896K, reserved 1048576K
}
Event: 19140.369 GC heap after
{Heap after GC invocations=117 (full 1):
 garbage-first heap   total 229376K, used 136147K [0x0000000080000000, 0x0000000100000000)
  region size 1024K, 2 young (2048K), 2 survivors (2048K)
 Metaspace       used 124484K, capacity 127612K, committed 128120K, reserved 1161216K
  class space    used 15279K, capacity 16488K, committed 16896K, reserved 1048576K
}
Event: 19140.437 GC heap before
{Heap before GC invocations=117 (full 1):
 garbage-first heap   total 229376K, used 150483K [0x0000000080000000, 0x0000000100000000)
  region size 1024K, 18 young (18432K), 2 survivors (2048K)
 Metaspace       used 124487K, capacity 127616K, committed 128120K, reserved 1161216K
  class space    used 15280K, capacity 16489K, committed 16896K, reserved 1048576K
}
Event: 19140.442 GC heap after
{Heap after GC invocations=118 (full 1):
 garbage-first heap   total 229376K, used 137917K [0x0000000080000000, 0x0000000100000000)
  region size 1024K, 3 young (3072K), 3 survivors (3072K)
 Metaspace       used 124487K, capacity 127616K, committed 128120K, reserved 1161216K
  class space    used 15280K, capacity 16489K, committed 16896K, reserved 1048576K
}
Event: 19140.830 GC heap before
{Heap before GC invocations=119 (full 1):
 garbage-first heap   total 229376K, used 178877K [0x0000000080000000, 0x0000000100000000)
  region size 1024K, 46 young (47104K), 3 survivors (3072K)
 Metaspace       used 124658K, capacity 127825K, committed 128376K, reserved 1161216K
  class space    used 15281K, capacity 16490K, committed 16896K, reserved 1048576K
}
Event: 19140.839 GC heap after
{Heap after GC invocations=120 (full 1):
 garbage-first heap   total 229376K, used 135510K [0x0000000080000000, 0x0000000100000000)
  region size 1024K, 4 young (4096K), 4 survivors (4096K)
 Metaspace       used 124658K, capacity 127825K, committed 128376K, reserved 1161216K
  class space    used 15281K, capacity 16490K, committed 16896K, reserved 1048576K
}
Event: 19140.873 GC heap before
{Heap before GC invocations=120 (full 1):
 garbage-first heap   total 229376K, used 141654K [0x0000000080000000, 0x0000000100000000)
  region size 1024K, 11 young (11264K), 4 survivors (4096K)
 Metaspace       used 124665K, capacity 127825K, committed 128376K, reserved 1161216K
  class space    used 15281K, capacity 16490K, committed 16896K, reserved 1048576K
}
Event: 19140.887 GC heap after
{Heap after GC invocations=121 (full 1):
 garbage-first heap   total 229376K, used 122765K [0x0000000080000000, 0x0000000100000000)
  region size 1024K, 1 young (1024K), 1 survivors (1024K)
 Metaspace       used 124665K, capacity 127825K, committed 128376K, reserved 1161216K
  class space    used 15281K, capacity 16490K, committed 16896K, reserved 1048576K
}
Event: 19141.086 GC heap before
{Heap before GC invocations=121 (full 1):
 garbage-first heap   total 229376K, used 142221K [0x0000000080000000, 0x0000000100000000)
  region size 1024K, 22 young (22528K), 1 survivors (1024K)
 Metaspace       used 124708K, capacity 127862K, committed 128376K, reserved 1161216K
  class space    used 15284K, capacity 16496K, committed 16896K, reserved 1048576K
}
Event: 19141.092 GC heap after
{Heap after GC invocations=122 (full 1):
 garbage-first heap   total 229376K, used 121140K [0x0000000080000000, 0x0000000100000000)
  region size 1024K, 2 young (2048K), 2 survivors (2048K)
 Metaspace       used 124708K, capacity 127862K, committed 128376K, reserved 1161216K
  class space    used 15284K, capacity 16496K, committed 16896K, reserved 1048576K
}
Event: 19141.360 GC heap before
{Heap before GC invocations=123 (full 1):
 garbage-first heap   total 229376K, used 216372K [0x0000000080000000, 0x0000000100000000)
  region size 1024K, 59 young (60416K), 2 survivors (2048K)
 Metaspace       used 124708K, capacity 127862K, committed 128376K, reserved 1161216K
  class space    used 15284K, capacity 16496K, committed 16896K, reserved 1048576K
}
Event: 19141.394 GC heap after
{Heap after GC invocations=124 (full 1):
 garbage-first heap   total 301056K, used 170013K [0x0000000080000000, 0x0000000100000000)
  region size 1024K, 8 young (8192K), 8 survivors (8192K)
 Metaspace       used 124708K, capacity 127862K, committed 128376K, reserved 1161216K
  class space    used 15284K, capacity 16496K, committed 16896K, reserved 1048576K
}
Event: 19141.413 GC heap before
{Heap before GC invocations=124 (full 1):
 garbage-first heap   total 301056K, used 176157K [0x0000000080000000, 0x0000000100000000)
  region size 1024K, 14 young (14336K), 8 survivors (8192K)
 Metaspace       used 124708K, capacity 127862K, committed 128376K, reserved 1161216K
  class space    used 15284K, capacity 16496K, committed 16896K, reserved 1048576K
}
Event: 19141.437 GC heap after
{Heap after GC invocations=125 (full 1):
 garbage-first heap   total 301056K, used 162345K [0x0000000080000000, 0x0000000100000000)
  region size 1024K, 2 young (2048K), 2 survivors (2048K)
 Metaspace       used 124708K, capacity 127862K, committed 128376K, reserved 1161216K
  class space    used 15284K, capacity 16496K, committed 16896K, reserved 1048576K
}
Event: 19141.611 GC heap before
{Heap before GC invocations=125 (full 1):
 garbage-first heap   total 301056K, used 213545K [0x0000000080000000, 0x0000000100000000)
  region size 1024K, 53 young (54272K), 2 survivors (2048K)
 Metaspace       used 124708K, capacity 127862K, committed 128376K, reserved 1161216K
  class space    used 15284K, capacity 16496K, committed 16896K, reserved 1048576K
}
Event: 19141.638 GC heap after
{Heap after GC invocations=126 (full 1):
 garbage-first heap   total 301056K, used 192787K [0x0000000080000000, 0x0000000100000000)
  region size 1024K, 8 young (8192K), 8 survivors (8192K)
 Metaspace       used 124708K, capacity 127862K, committed 128376K, reserved 1161216K
  class space    used 15284K, capacity 16496K, committed 16896K, reserved 1048576K
}
Event: 19141.755 GC heap before
{Heap before GC invocations=126 (full 1):
 garbage-first heap   total 301056K, used 232723K [0x0000000080000000, 0x0000000100000000)
  region size 1024K, 45 young (46080K), 8 survivors (8192K)
 Metaspace       used 124708K, capacity 127862K, committed 128376K, reserved 1161216K
  class space    used 15284K, capacity 16496K, committed 16896K, reserved 1048576K
}
Event: 19141.790 GC heap after
{Heap after GC invocations=127 (full 1):
 garbage-first heap   total 301056K, used 217867K [0x0000000080000000, 0x0000000100000000)
  region size 1024K, 6 young (6144K), 6 survivors (6144K)
 Metaspace       used 124708K, capacity 127862K, committed 128376K, reserved 1161216K
  class space    used 15284K, capacity 16496K, committed 16896K, reserved 1048576K
}
Event: 19141.888 GC heap before
{Heap before GC invocations=127 (full 1):
 garbage-first heap   total 301056K, used 241419K [0x0000000080000000, 0x0000000100000000)
  region size 1024K, 29 young (29696K), 6 survivors (6144K)
 Metaspace       used 124709K, capacity 127862K, committed 128376K, reserved 1161216K
  class space    used 15284K, capacity 16496K, committed 16896K, reserved 1048576K
}

