# JRE version: OpenJDK Runtime Environment (11.0.10) (build 11.0.10+0-b96-7249189)
# Java VM: OpenJDK 64-Bit Server VM (11.0.10+0-b96-7249189, mixed mode, tiered, compressed oops, g1 gc, windows-amd64)
Heap:
 garbage-first heap   total 262144K, used 123063K [0x0000000080000000, 0x0000000100000000)
  region size 1024K, 52 young (53248K), 14 survivors (14336K)
 Metaspace       used 93757K, capacity 96121K, committed 96384K, reserved 1132544K
  class space    used 11991K, capacity 12846K, committed 12928K, reserved 1048576K
GC Heap History (20 events):
Event: 3.305 GC heap before
{Heap before GC invocations=3 (full 0):
 garbage-first heap   total 262144K, used 36778K [0x0000000080000000, 0x0000000100000000)
  region size 1024K, 31 young (31744K), 11 survivors (11264K)
 Metaspace       used 22492K, capacity 23022K, committed 23168K, reserved 1069056K
  class space    used 2887K, capacity 3078K, committed 3200K, reserved 1048576K
}
Event: 3.312 GC heap after
{Heap after GC invocations=4 (full 0):
 garbage-first heap   total 262144K, used 17035K [0x0000000080000000, 0x0000000100000000)
  region size 1024K, 2 young (2048K), 2 survivors (2048K)
 Metaspace       used 22492K, capacity 23022K, committed 23168K, reserved 1069056K
  class space    used 2887K, capacity 3078K, committed 3200K, reserved 1048576K
}
Event: 4.714 GC heap before
{Heap before GC invocations=4 (full 0):
 garbage-first heap   total 262144K, used 96907K [0x0000000080000000, 0x0000000100000000)
  region size 1024K, 82 young (83968K), 2 survivors (2048K)
 Metaspace       used 35129K, capacity 35825K, committed 35840K, reserved 1081344K
  class space    used 4570K, capacity 4858K, committed 4864K, reserved 1048576K
}
Event: 4.782 GC heap after
{Heap after GC invocations=5 (full 0):
 garbage-first heap   total 262144K, used 21249K [0x0000000080000000, 0x0000000100000000)
  region size 1024K, 6 young (6144K), 6 survivors (6144K)
 Metaspace       used 35129K, capacity 35825K, committed 35840K, reserved 1081344K
  class space    used 4570K, capacity 4858K, committed 4864K, reserved 1048576K
}
Event: 6.425 GC heap before
{Heap before GC invocations=6 (full 0):
 garbage-first heap   total 262144K, used 113409K [0x0000000080000000, 0x0000000100000000)
  region size 1024K, 93 young (95232K), 6 survivors (6144K)
 Metaspace       used 43308K, capacity 44303K, committed 44416K, reserved 1087488K
  class space    used 5574K, capacity 5935K, committed 6016K, reserved 1048576K
}
Event: 6.433 GC heap after
{Heap after GC invocations=7 (full 0):
 garbage-first heap   total 262144K, used 25981K [0x0000000080000000, 0x0000000100000000)
  region size 1024K, 10 young (10240K), 10 survivors (10240K)
 Metaspace       used 43308K, capacity 44303K, committed 44416K, reserved 1087488K
  class space    used 5574K, capacity 5935K, committed 6016K, reserved 1048576K
}
Event: 8.002 GC heap before
{Heap before GC invocations=7 (full 0):
 garbage-first heap   total 262144K, used 153981K [0x0000000080000000, 0x0000000100000000)
  region size 1024K, 129 young (132096K), 10 survivors (10240K)
 Metaspace       used 51771K, capacity 53085K, committed 53248K, reserved 1095680K
  class space    used 6612K, capacity 7096K, committed 7168K, reserved 1048576K
}
Event: 8.020 GC heap after
{Heap after GC invocations=8 (full 0):
 garbage-first heap   total 262144K, used 44936K [0x0000000080000000, 0x0000000100000000)
  region size 1024K, 17 young (17408K), 17 survivors (17408K)
 Metaspace       used 51771K, capacity 53085K, committed 53248K, reserved 1095680K
  class space    used 6612K, capacity 7096K, committed 7168K, reserved 1048576K
}
Event: 10.242 GC heap before
{Heap before GC invocations=8 (full 0):
 garbage-first heap   total 262144K, used 101256K [0x0000000080000000, 0x0000000100000000)
  region size 1024K, 72 young (73728K), 17 survivors (17408K)
 Metaspace       used 58608K, capacity 60078K, committed 60160K, reserved 1101824K
  class space    used 7449K, capacity 8003K, committed 8064K, reserved 1048576K
}
Event: 10.270 GC heap after
{Heap after GC invocations=9 (full 0):
 garbage-first heap   total 262144K, used 49890K [0x0000000080000000, 0x0000000100000000)
  region size 1024K, 6 young (6144K), 6 survivors (6144K)
 Metaspace       used 58608K, capacity 60078K, committed 60160K, reserved 1101824K
  class space    used 7449K, capacity 8003K, committed 8064K, reserved 1048576K
}
Event: 13.931 GC heap before
{Heap before GC invocations=10 (full 0):
 garbage-first heap   total 262144K, used 178914K [0x0000000080000000, 0x0000000100000000)
  region size 1024K, 132 young (135168K), 6 survivors (6144K)
 Metaspace       used 71282K, capacity 72928K, committed 73088K, reserved 1112064K
  class space    used 9237K, capacity 9836K, committed 9856K, reserved 1048576K
}
Event: 13.942 GC heap after
{Heap after GC invocations=11 (full 0):
 garbage-first heap   total 262144K, used 58105K [0x0000000080000000, 0x0000000100000000)
  region size 1024K, 14 young (14336K), 14 survivors (14336K)
 Metaspace       used 71282K, capacity 72928K, committed 73088K, reserved 1112064K
  class space    used 9237K, capacity 9836K, committed 9856K, reserved 1048576K
}
Event: 17.213 GC heap before
{Heap before GC invocations=11 (full 0):
 garbage-first heap   total 262144K, used 191225K [0x0000000080000000, 0x0000000100000000)
  region size 1024K, 145 young (148480K), 14 survivors (14336K)
 Metaspace       used 80011K, capacity 81963K, committed 82048K, reserved 1120256K
  class space    used 10382K, capacity 11088K, committed 11136K, reserved 1048576K
}
Event: 17.233 GC heap after
{Heap after GC invocations=12 (full 0):
 garbage-first heap   total 262144K, used 66954K [0x0000000080000000, 0x0000000100000000)
  region size 1024K, 18 young (18432K), 18 survivors (18432K)
 Metaspace       used 80011K, capacity 81963K, committed 82048K, reserved 1120256K
  class space    used 10382K, capacity 11088K, committed 11136K, reserved 1048576K
}
Event: 20.385 GC heap before
{Heap before GC invocations=12 (full 0):
 garbage-first heap   total 262144K, used 218506K [0x0000000080000000, 0x0000000100000000)
  region size 1024K, 149 young (152576K), 18 survivors (18432K)
 Metaspace       used 84143K, capacity 86217K, committed 86400K, reserved 1124352K
  class space    used 10790K, capacity 11565K, committed 11648K, reserved 1048576K
}
Event: 20.407 GC heap after
{Heap after GC invocations=13 (full 0):
 garbage-first heap   total 262144K, used 71941K [0x0000000080000000, 0x0000000100000000)
  region size 1024K, 14 young (14336K), 14 survivors (14336K)
 Metaspace       used 84143K, capacity 86217K, committed 86400K, reserved 1124352K
  class space    used 10790K, capacity 11565K, committed 11648K, reserved 1048576K
}
Event: 21.410 GC heap before
{Heap before GC invocations=13 (full 0):
 garbage-first heap   total 262144K, used 204037K [0x0000000080000000, 0x0000000100000000)
  region size 1024K, 144 young (147456K), 14 survivors (14336K)
 Metaspace       used 87803K, capacity 89946K, committed 90112K, reserved 1128448K
  class space    used 11220K, capacity 11986K, committed 12032K, reserved 1048576K
}
Event: 21.430 GC heap after
{Heap after GC invocations=14 (full 0):
 garbage-first heap   total 262144K, used 78706K [0x0000000080000000, 0x0000000100000000)
  region size 1024K, 13 young (13312K), 13 survivors (13312K)
 Metaspace       used 87803K, capacity 89946K, committed 90112K, reserved 1128448K
  class space    used 11220K, capacity 11986K, committed 12032K, reserved 1048576K
}
Event: 24.893 GC heap before
{Heap before GC invocations=14 (full 0):
 garbage-first heap   total 262144K, used 207730K [0x0000000080000000, 0x0000000100000000)
  region size 1024K, 140 young (143360K), 13 survivors (13312K)
 Metaspace       used 91181K, capacity 93312K, committed 93568K, reserved 1130496K
  class space    used 11603K, capacity 12405K, committed 12416K, reserved 1048576K
}
Event: 24.908 GC heap after
{Heap after GC invocations=15 (full 0):
 garbage-first heap   total 262144K, used 86199K [0x0000000080000000, 0x0000000100000000)
  region size 1024K, 14 young (14336K), 14 survivors (14336K)
 Metaspace       used 91181K, capacity 93312K, committed 93568K, reserved 1130496K
  class space    used 11603K, capacity 12405K, committed 12416K, reserved 1048576K
}

